Raw Data
Seed = 100
CIRCUIT = 1
PRIME  = 101
DEGREE = 2

Initial Polynomials

1 : [20, 18, 58]
2 : [40, 18, 58]
3 : [21, 18, 58]
4 : [31, 18, 58]
5 : [1, 18, 58]
6 : [71, 18, 58]

Initial Shares Table (horiztonal - src agent)
[96, 86, 91, 10, 45, 95]
[15, 5, 10, 30, 65, 14]
[97, 87, 92, 11, 46, 96]
[6, 97, 1, 21, 56, 5]
[77, 67, 72, 92, 26, 76]
[46, 36, 41, 61, 96, 45]


x1 + x2 MUL Polynomials
1 : [26, 58, 98]
2 : [26, 58, 98]
3 : [1, 58, 98]
4 : [98, 58, 98]
5 : [97, 58, 98]
6 : [17, 58, 98]

Degree Reduction Shares Table (post MUL) x1 * x2
[81, 29, 72, 8, 39, 64]
[81, 29, 72, 8, 39, 64]
[56, 4, 47, 84, 14, 39]
[52, 0, 43, 80, 10, 35]
[51, 100, 42, 79, 9, 34]
[72, 20, 63, 100, 30, 55]


Degree Reduction Shares Table (post MUL) x3 * x4
[88, 77, 44, 90, 13, 15]
[67, 56, 23, 69, 93, 95]
[2, 92, 59, 4, 28, 30]
[40, 29, 97, 42, 66, 68]
[62, 51, 18, 64, 88, 90]
[87, 76, 43, 89, 12, 14]


Degree Reduction Shares Table (post MUL) x5 * x6
[49, 75, 85, 79, 57, 19]
[30, 56, 66, 60, 38, 0]
[65, 91, 0, 95, 73, 35]
[99, 24, 34, 28, 6, 69]
[13, 39, 49, 43, 21, 84]
[28, 54, 64, 58, 36, 99]

Reduced output of gate x1 * x2
47, 96, 38, 75, 5, 30

Reduced output of gate x3 * x4
56, 45, 12, 58, 82, 84

Reduced output of gate x5 * x6
9, 38, 48, 42, 20, 83


Final Shares
[14, 78, 98, 74, 6, 96]

mult recomb vector = [5, -10, 10, -5, 1]
final recomb vector = [3, -3, 1]

interpolated final value = 7
true value = 7

